Arguments: 
  /usr/local/Cellar/node/8.9.1/bin/node /usr/local/Cellar/yarn/1.3.2/libexec/bin/yarn.js add css-loader style-loader --dev

PATH: 
  /usr/local/sbin:/Users/du/.rbenv/shims:/usr/local/share/python:/usr/local/bin:/usr/bin:/bin:/usr/sbin:/sbin:/usr/local/bin

Yarn version: 
  1.3.2

Node version: 
  8.9.1

Platform: 
  darwin x64

npm manifest: 
  {
    "name": "webpack",
    "version": "1.0.0",
    "description": "learn webpack",
    "main": "index.js",
    "author": "Hivan",
    "license": "MIT"
  }

yarn manifest: 
  No manifest

Lockfile: 
  No lockfile

Trace: 
  Error: https://registry.yarnpkg.com/css-selector-tokenizer: ETIMEDOUT
      at Timeout._onTimeout (/usr/local/Cellar/yarn/1.3.2/libexec/lib/cli.js:123749:19)
      at ontimeout (timers.js:475:11)
      at tryOnTimeout (timers.js:310:5)
      at Timer.listOnTimeout (timers.js:270:5)
